<?xml version="1.0" encoding="UTF-8"?>
<!-- Generated by org.testng.reporters.JUnitXMLReporter -->
<testsuite ignored="0" hostname="Jhonwiickk" failures="0" tests="3" name="Default test" time="0.058" errors="0" timestamp="08 Jun 2019 22:34:38 GMT">
  <testcase classname="test.TestCompareArray" name="differentValues" time="0.014"/>
  <testcase classname="test.TestCompareArray" name="sameValues" time="0.002"/>
  <testcase classname="test.TestCompareArray" name="testDiffLen" time="0.002"/>
</testsuite> <!-- Default test -->
