<?xml version="1.0" encoding="UTF-8"?>
<testng-results ignored="0" total="3" passed="3" failed="0" skipped="0">
  <reporter-output>
  </reporter-output>
  <suite started-at="2019-06-08T22:34:37Z" name="Default suite" finished-at="2019-06-08T22:34:37Z" duration-ms="58">
    <groups>
    </groups>
    <test started-at="2019-06-08T22:34:37Z" name="Default test" finished-at="2019-06-08T22:34:37Z" duration-ms="58">
      <class name="test.TestCompareArray">
        <test-method signature="differentValues()[pri:0, instance:test.TestCompareArray@7817fd62]" started-at="2019-06-08T22:34:37Z" name="differentValues" finished-at="2019-06-08T22:34:37Z" duration-ms="14" status="PASS">
          <reporter-output>
          </reporter-output>
        </test-method> <!-- differentValues -->
        <test-method signature="sameValues()[pri:0, instance:test.TestCompareArray@7817fd62]" started-at="2019-06-08T22:34:37Z" name="sameValues" finished-at="2019-06-08T22:34:37Z" duration-ms="2" status="PASS">
          <reporter-output>
          </reporter-output>
        </test-method> <!-- sameValues -->
        <test-method signature="testDiffLen()[pri:0, instance:test.TestCompareArray@7817fd62]" started-at="2019-06-08T22:34:37Z" name="testDiffLen" finished-at="2019-06-08T22:34:37Z" duration-ms="2" status="PASS">
          <reporter-output>
          </reporter-output>
        </test-method> <!-- testDiffLen -->
      </class> <!-- test.TestCompareArray -->
    </test> <!-- Default test -->
  </suite> <!-- Default suite -->
</testng-results>
